This is pdfTeX, Version 3.141592653-2.6-1.40.26 (TeX Live 2024/GNU Guix) (preloaded format=pdflatex 2025.1.11)  26 JAN 2025 16:32
entering extended mode
 \write18 enabled.
 file:line:error style messages enabled.
 %&-line parsing enabled.
**latex-template.tex
(./latex-template.tex
LaTeX2e <2023-11-01> patch level 1
L3 programming layer <2024-02-20>

(/gnu/store/yr7dpv9mf7g9rdgyfkcx1zlyqq9wbcxi-texlivetexmf-20240312/share/texmf-
dist/tex/latex/base/article.cls
Document Class: article 2023/05/17 v1.4n Standard LaTeX document class

(/gnu/store/yr7dpv9mf7g9rdgyfkcx1zlyqq9wbcxi-texlivetexmf-20240312/share/texmf-
dist/tex/latex/base/size10.clo
File: size10.clo 2023/05/17 v1.4n Standard LaTeX file (size option)
)
\c@part=\count188
\c@section=\count189
\c@subsection=\count190
\c@subsubsection=\count191
\c@paragraph=\count192
\c@subparagraph=\count193
\c@figure=\count194
\c@table=\count195
\abovecaptionskip=\skip48
\belowcaptionskip=\skip49
\bibindent=\dimen140
)
(/gnu/store/yr7dpv9mf7g9rdgyfkcx1zlyqq9wbcxi-texlivetexmf-20240312/share/texmf-
dist/tex/latex/graphics/graphicx.sty
Package: graphicx 2021/09/16 v1.2d Enhanced LaTeX Graphics (DPC,SPQR)

(/gnu/store/yr7dpv9mf7g9rdgyfkcx1zlyqq9wbcxi-texlivetexmf-20240312/share/texmf-
dist/tex/latex/graphics/keyval.sty
Package: keyval 2022/05/29 v1.15 key=value parser (DPC)
\KV@toks@=\toks17
)
(/gnu/store/yr7dpv9mf7g9rdgyfkcx1zlyqq9wbcxi-texlivetexmf-20240312/share/texmf-
dist/tex/latex/graphics/graphics.sty
Package: graphics 2022/03/10 v1.4e Standard LaTeX Graphics (DPC,SPQR)

(/gnu/store/yr7dpv9mf7g9rdgyfkcx1zlyqq9wbcxi-texlivetexmf-20240312/share/texmf-
dist/tex/latex/graphics/trig.sty
Package: trig 2021/08/11 v1.11 sin cos tan (DPC)
)
(/gnu/store/yr7dpv9mf7g9rdgyfkcx1zlyqq9wbcxi-texlivetexmf-20240312/share/texmf-
dist/tex/latex/graphics-cfg/graphics.cfg
File: graphics.cfg 2016/06/04 v1.11 sample graphics configuration
)
Package graphics Info: Driver file: pdftex.def on input line 107.

(/gnu/store/yr7dpv9mf7g9rdgyfkcx1zlyqq9wbcxi-texlivetexmf-20240312/share/texmf-
dist/tex/latex/graphics-def/pdftex.def
File: pdftex.def 2022/09/22 v1.2b Graphics/color driver for pdftex
))
\Gin@req@height=\dimen141
\Gin@req@width=\dimen142
)
(/gnu/store/yr7dpv9mf7g9rdgyfkcx1zlyqq9wbcxi-texlivetexmf-20240312/share/texmf-
dist/tex/latex/graphics/color.sty
Package: color 2022/01/06 v1.3d Standard LaTeX Color (DPC)

(/gnu/store/yr7dpv9mf7g9rdgyfkcx1zlyqq9wbcxi-texlivetexmf-20240312/share/texmf-
dist/tex/latex/graphics-cfg/color.cfg
File: color.cfg 2016/01/02 v1.6 sample color configuration
)
Package color Info: Driver file: pdftex.def on input line 149.

(/gnu/store/yr7dpv9mf7g9rdgyfkcx1zlyqq9wbcxi-texlivetexmf-20240312/share/texmf-
dist/tex/latex/graphics/mathcolor.ltx))
(/gnu/store/yr7dpv9mf7g9rdgyfkcx1zlyqq9wbcxi-texlivetexmf-20240312/share/texmf-
dist/tex/latex/psnfss/palatino.sty
Package: palatino 2020/03/25 PSNFSS-v9.3 (SPQR) 
)
(/gnu/store/yr7dpv9mf7g9rdgyfkcx1zlyqq9wbcxi-texlivetexmf-20240312/share/texmf-
dist/tex/latex/psnfss/mathpazo.sty
Package: mathpazo 2020/03/25 PSNFSS-v9.3 Palatino w/ Pazo Math (D.Puga, WaS) 
\symupright=\mathgroup4
)
(/gnu/store/yr7dpv9mf7g9rdgyfkcx1zlyqq9wbcxi-texlivetexmf-20240312/share/texmf-
dist/tex/latex/tools/enumerate.sty
Package: enumerate 2023/07/04 v3.00 enumerate extensions (DPC)
\@enLab=\toks18
)
(/gnu/store/yr7dpv9mf7g9rdgyfkcx1zlyqq9wbcxi-texlivetexmf-20240312/share/texmf-
dist/tex/latex/mathtools/mathtools.sty
Package: mathtools 2024/03/11 v1.30 mathematical typesetting tools

(/gnu/store/yr7dpv9mf7g9rdgyfkcx1zlyqq9wbcxi-texlivetexmf-20240312/share/texmf-
dist/tex/latex/tools/calc.sty
Package: calc 2023/07/08 v4.3 Infix arithmetic (KKT,FJ)
\calc@Acount=\count196
\calc@Bcount=\count197
\calc@Adimen=\dimen143
\calc@Bdimen=\dimen144
\calc@Askip=\skip50
\calc@Bskip=\skip51
LaTeX Info: Redefining \setlength on input line 80.
LaTeX Info: Redefining \addtolength on input line 81.
\calc@Ccount=\count198
\calc@Cskip=\skip52
)
(/gnu/store/yr7dpv9mf7g9rdgyfkcx1zlyqq9wbcxi-texlivetexmf-20240312/share/texmf-
dist/tex/latex/mathtools/mhsetup.sty
Package: mhsetup 2021/03/18 v1.4 programming setup (MH)
)
(/gnu/store/yr7dpv9mf7g9rdgyfkcx1zlyqq9wbcxi-texlivetexmf-20240312/share/texmf-
dist/tex/latex/amsmath/amsmath.sty
Package: amsmath 2023/05/13 v2.17o AMS math features
\@mathmargin=\skip53

For additional information on amsmath, use the `?' option.

(/gnu/store/yr7dpv9mf7g9rdgyfkcx1zlyqq9wbcxi-texlivetexmf-20240312/share/texmf-
dist/tex/latex/amsmath/amstext.sty
Package: amstext 2021/08/26 v2.01 AMS text

(/gnu/store/yr7dpv9mf7g9rdgyfkcx1zlyqq9wbcxi-texlivetexmf-20240312/share/texmf-
dist/tex/latex/amsmath/amsgen.sty
File: amsgen.sty 1999/11/30 v2.0 generic functions
\@emptytoks=\toks19
\ex@=\dimen145
))
(/gnu/store/yr7dpv9mf7g9rdgyfkcx1zlyqq9wbcxi-texlivetexmf-20240312/share/texmf-
dist/tex/latex/amsmath/amsbsy.sty
Package: amsbsy 1999/11/29 v1.2d Bold Symbols
\pmbraise@=\dimen146
)
(/gnu/store/yr7dpv9mf7g9rdgyfkcx1zlyqq9wbcxi-texlivetexmf-20240312/share/texmf-
dist/tex/latex/amsmath/amsopn.sty
Package: amsopn 2022/04/08 v2.04 operator names
)
\inf@bad=\count199
LaTeX Info: Redefining \frac on input line 234.
\uproot@=\count266
\leftroot@=\count267
LaTeX Info: Redefining \overline on input line 399.
LaTeX Info: Redefining \colon on input line 410.
\classnum@=\count268
\DOTSCASE@=\count269
LaTeX Info: Redefining \ldots on input line 496.
LaTeX Info: Redefining \dots on input line 499.
LaTeX Info: Redefining \cdots on input line 620.
\Mathstrutbox@=\box51
\strutbox@=\box52
LaTeX Info: Redefining \big on input line 722.
LaTeX Info: Redefining \Big on input line 723.
LaTeX Info: Redefining \bigg on input line 724.
LaTeX Info: Redefining \Bigg on input line 725.
\big@size=\dimen147
LaTeX Font Info:    Redeclaring font encoding OML on input line 743.
LaTeX Font Info:    Redeclaring font encoding OMS on input line 744.
\macc@depth=\count270
LaTeX Info: Redefining \bmod on input line 905.
LaTeX Info: Redefining \pmod on input line 910.
LaTeX Info: Redefining \smash on input line 940.
LaTeX Info: Redefining \relbar on input line 970.
LaTeX Info: Redefining \Relbar on input line 971.
\c@MaxMatrixCols=\count271
\dotsspace@=\muskip16
\c@parentequation=\count272
\dspbrk@lvl=\count273
\tag@help=\toks20
\row@=\count274
\column@=\count275
\maxfields@=\count276
\andhelp@=\toks21
\eqnshift@=\dimen148
\alignsep@=\dimen149
\tagshift@=\dimen150
\tagwidth@=\dimen151
\totwidth@=\dimen152
\lineht@=\dimen153
\@envbody=\toks22
\multlinegap=\skip54
\multlinetaggap=\skip55
\mathdisplay@stack=\toks23
LaTeX Info: Redefining \[ on input line 2953.
LaTeX Info: Redefining \] on input line 2954.
)
\g_MT_multlinerow_int=\count277
\l_MT_multwidth_dim=\dimen154
\origjot=\skip56
\l_MT_shortvdotswithinadjustabove_dim=\dimen155
\l_MT_shortvdotswithinadjustbelow_dim=\dimen156
\l_MT_above_intertext_sep=\dimen157
\l_MT_below_intertext_sep=\dimen158
\l_MT_above_shortintertext_sep=\dimen159
\l_MT_below_shortintertext_sep=\dimen160
\xmathstrut@box=\box53
\xmathstrut@dim=\dimen161
)
(/gnu/store/yr7dpv9mf7g9rdgyfkcx1zlyqq9wbcxi-texlivetexmf-20240312/share/texmf-
dist/tex/latex/hyperref/hyperref.sty
Package: hyperref 2024-01-20 v7.01h Hypertext links for LaTeX

(/gnu/store/yr7dpv9mf7g9rdgyfkcx1zlyqq9wbcxi-texlivetexmf-20240312/share/texmf-
dist/tex/generic/iftex/iftex.sty
Package: iftex 2022/02/03 v1.0f TeX engine tests
)
(/gnu/store/yr7dpv9mf7g9rdgyfkcx1zlyqq9wbcxi-texlivetexmf-20240312/share/texmf-
dist/tex/latex/kvsetkeys/kvsetkeys.sty
Package: kvsetkeys 2022-10-05 v1.19 Key value parser (HO)
)
(/gnu/store/yr7dpv9mf7g9rdgyfkcx1zlyqq9wbcxi-texlivetexmf-20240312/share/texmf-
dist/tex/generic/kvdefinekeys/kvdefinekeys.sty
Package: kvdefinekeys 2019-12-19 v1.6 Define keys (HO)
)
(/gnu/store/yr7dpv9mf7g9rdgyfkcx1zlyqq9wbcxi-texlivetexmf-20240312/share/texmf-
dist/tex/generic/pdfescape/pdfescape.sty
Package: pdfescape 2019/12/09 v1.15 Implements pdfTeX's escape features (HO)

(/gnu/store/yr7dpv9mf7g9rdgyfkcx1zlyqq9wbcxi-texlivetexmf-20240312/share/texmf-
dist/tex/generic/ltxcmds/ltxcmds.sty
Package: ltxcmds 2023-12-04 v1.26 LaTeX kernel commands for general use (HO)
)
(/gnu/store/yr7dpv9mf7g9rdgyfkcx1zlyqq9wbcxi-texlivetexmf-20240312/share/texmf-
dist/tex/generic/pdftexcmds/pdftexcmds.sty
Package: pdftexcmds 2020-06-27 v0.33 Utility functions of pdfTeX for LuaTeX (HO
)

(/gnu/store/yr7dpv9mf7g9rdgyfkcx1zlyqq9wbcxi-texlivetexmf-20240312/share/texmf-
dist/tex/generic/infwarerr/infwarerr.sty
Package: infwarerr 2019/12/03 v1.5 Providing info/warning/error messages (HO)
)
Package pdftexcmds Info: \pdf@primitive is available.
Package pdftexcmds Info: \pdf@ifprimitive is available.
Package pdftexcmds Info: \pdfdraftmode found.
))
(/gnu/store/yr7dpv9mf7g9rdgyfkcx1zlyqq9wbcxi-texlivetexmf-20240312/share/texmf-
dist/tex/latex/hycolor/hycolor.sty
Package: hycolor 2020-01-27 v1.10 Color options for hyperref/bookmark (HO)
)
(/gnu/store/yr7dpv9mf7g9rdgyfkcx1zlyqq9wbcxi-texlivetexmf-20240312/share/texmf-
dist/tex/latex/auxhook/auxhook.sty
Package: auxhook 2019-12-17 v1.6 Hooks for auxiliary files (HO)
)
(/gnu/store/yr7dpv9mf7g9rdgyfkcx1zlyqq9wbcxi-texlivetexmf-20240312/share/texmf-
dist/tex/latex/hyperref/nameref.sty
Package: nameref 2023-11-26 v2.56 Cross-referencing by name of section

(/gnu/store/yr7dpv9mf7g9rdgyfkcx1zlyqq9wbcxi-texlivetexmf-20240312/share/texmf-
dist/tex/latex/refcount/refcount.sty
Package: refcount 2019/12/15 v3.6 Data extraction from label references (HO)
)
(/gnu/store/yr7dpv9mf7g9rdgyfkcx1zlyqq9wbcxi-texlivetexmf-20240312/share/texmf-
dist/tex/generic/gettitlestring/gettitlestring.sty
Package: gettitlestring 2019/12/15 v1.6 Cleanup title references (HO)

(/gnu/store/yr7dpv9mf7g9rdgyfkcx1zlyqq9wbcxi-texlivetexmf-20240312/share/texmf-
dist/tex/latex/kvoptions/kvoptions.sty
Package: kvoptions 2022-06-15 v3.15 Key value format for package options (HO)
))
\c@section@level=\count278
)
(/gnu/store/yr7dpv9mf7g9rdgyfkcx1zlyqq9wbcxi-texlivetexmf-20240312/share/texmf-
dist/tex/latex/etoolbox/etoolbox.sty
Package: etoolbox 2020/10/05 v2.5k e-TeX tools for LaTeX (JAW)
\etb@tempcnta=\count279
)
\@linkdim=\dimen162
\Hy@linkcounter=\count280
\Hy@pagecounter=\count281

(/gnu/store/yr7dpv9mf7g9rdgyfkcx1zlyqq9wbcxi-texlivetexmf-20240312/share/texmf-
dist/tex/latex/hyperref/pd1enc.def
File: pd1enc.def 2024-01-20 v7.01h Hyperref: PDFDocEncoding definition (HO)
Now handling font encoding PD1 ...
... no UTF-8 mapping file for font encoding PD1
)
(/gnu/store/yr7dpv9mf7g9rdgyfkcx1zlyqq9wbcxi-texlivetexmf-20240312/share/texmf-
dist/tex/generic/intcalc/intcalc.sty
Package: intcalc 2019/12/15 v1.3 Expandable calculations with integers (HO)
)
\Hy@SavedSpaceFactor=\count282

(/gnu/store/yr7dpv9mf7g9rdgyfkcx1zlyqq9wbcxi-texlivetexmf-20240312/share/texmf-
dist/tex/latex/hyperref/puenc.def
File: puenc.def 2024-01-20 v7.01h Hyperref: PDF Unicode definition (HO)
Now handling font encoding PU ...
... no UTF-8 mapping file for font encoding PU
)
Package hyperref Info: Hyper figures OFF on input line 4179.
Package hyperref Info: Link nesting OFF on input line 4184.
Package hyperref Info: Hyper index ON on input line 4187.
Package hyperref Info: Plain pages OFF on input line 4194.
Package hyperref Info: Backreferencing OFF on input line 4199.
Package hyperref Info: Implicit mode ON; LaTeX internals redefined.
Package hyperref Info: Bookmarks ON on input line 4446.
\c@Hy@tempcnt=\count283

(/gnu/store/yr7dpv9mf7g9rdgyfkcx1zlyqq9wbcxi-texlivetexmf-20240312/share/texmf-
dist/tex/latex/url/url.sty
\Urlmuskip=\muskip17
Package: url 2013/09/16  ver 3.4  Verb mode for urls, etc.
)
LaTeX Info: Redefining \url on input line 4784.
\XeTeXLinkMargin=\dimen163

(/gnu/store/yr7dpv9mf7g9rdgyfkcx1zlyqq9wbcxi-texlivetexmf-20240312/share/texmf-
dist/tex/generic/bitset/bitset.sty
Package: bitset 2019/12/09 v1.3 Handle bit-vector datatype (HO)

(/gnu/store/yr7dpv9mf7g9rdgyfkcx1zlyqq9wbcxi-texlivetexmf-20240312/share/texmf-
dist/tex/generic/bigintcalc/bigintcalc.sty
Package: bigintcalc 2019/12/15 v1.5 Expandable calculations on big integers (HO
)
))
\Fld@menulength=\count284
\Field@Width=\dimen164
\Fld@charsize=\dimen165
Package hyperref Info: Hyper figures OFF on input line 6063.
Package hyperref Info: Link nesting OFF on input line 6068.
Package hyperref Info: Hyper index ON on input line 6071.
Package hyperref Info: backreferencing OFF on input line 6078.
Package hyperref Info: Link coloring OFF on input line 6083.
Package hyperref Info: Link coloring with OCG OFF on input line 6088.
Package hyperref Info: PDF/A mode OFF on input line 6093.

(/gnu/store/yr7dpv9mf7g9rdgyfkcx1zlyqq9wbcxi-texlivetexmf-20240312/share/texmf-
dist/tex/latex/base/atbegshi-ltx.sty
Package: atbegshi-ltx 2021/01/10 v1.0c Emulation of the original atbegshi
package with kernel methods
)
\Hy@abspage=\count285
\c@Item=\count286
\c@Hfootnote=\count287
)
Package hyperref Info: Driver (autodetected): hpdftex.

(/gnu/store/yr7dpv9mf7g9rdgyfkcx1zlyqq9wbcxi-texlivetexmf-20240312/share/texmf-
dist/tex/latex/hyperref/hpdftex.def
File: hpdftex.def 2024-01-20 v7.01h Hyperref driver for pdfTeX

(/gnu/store/yr7dpv9mf7g9rdgyfkcx1zlyqq9wbcxi-texlivetexmf-20240312/share/texmf-
dist/tex/latex/base/atveryend-ltx.sty
Package: atveryend-ltx 2020/08/19 v1.0a Emulation of the original atveryend pac
kage
with kernel methods
)
\Fld@listcount=\count288
\c@bookmark@seq@number=\count289

(/gnu/store/yr7dpv9mf7g9rdgyfkcx1zlyqq9wbcxi-texlivetexmf-20240312/share/texmf-
dist/tex/latex/rerunfilecheck/rerunfilecheck.sty
Package: rerunfilecheck 2022-07-10 v1.10 Rerun checks for auxiliary files (HO)

(/gnu/store/yr7dpv9mf7g9rdgyfkcx1zlyqq9wbcxi-texlivetexmf-20240312/share/texmf-
dist/tex/generic/uniquecounter/uniquecounter.sty
Package: uniquecounter 2019/12/15 v1.4 Provide unlimited unique counter (HO)
)
Package uniquecounter Info: New unique counter `rerunfilecheck' on input line 2
85.
)
\Hy@SectionHShift=\skip57
)
(/gnu/store/yr7dpv9mf7g9rdgyfkcx1zlyqq9wbcxi-texlivetexmf-20240312/share/texmf-
dist/tex/latex/geometry/geometry.sty
Package: geometry 2020/01/02 v5.9 Page Geometry

(/gnu/store/yr7dpv9mf7g9rdgyfkcx1zlyqq9wbcxi-texlivetexmf-20240312/share/texmf-
dist/tex/generic/iftex/ifvtex.sty
Package: ifvtex 2019/10/25 v1.7 ifvtex legacy package. Use iftex instead.
)
\Gm@cnth=\count290
\Gm@cntv=\count291
\c@Gm@tempcnt=\count292
\Gm@bindingoffset=\dimen166
\Gm@wd@mp=\dimen167
\Gm@odd@mp=\dimen168
\Gm@even@mp=\dimen169
\Gm@layoutwidth=\dimen170
\Gm@layoutheight=\dimen171
\Gm@layouthoffset=\dimen172
\Gm@layoutvoffset=\dimen173
\Gm@dimlist=\toks24
)
(/gnu/store/yr7dpv9mf7g9rdgyfkcx1zlyqq9wbcxi-texlivetexmf-20240312/share/texmf-
dist/tex/latex/minted/minted.sty
Package: minted 2023/12/18 v2.9 Yet another Pygments shim for LaTeX

(/gnu/store/yr7dpv9mf7g9rdgyfkcx1zlyqq9wbcxi-texlivetexmf-20240312/share/texmf-
dist/tex/latex/fvextra/fvextra.sty
Package: fvextra 2023/11/28 v1.6.1 fvextra - extensions and patches for fancyvr
b

(/gnu/store/yr7dpv9mf7g9rdgyfkcx1zlyqq9wbcxi-texlivetexmf-20240312/share/texmf-
dist/tex/latex/fancyvrb/fancyvrb.sty
Package: fancyvrb 2024/01/20 4.5c verbatim text (tvz,hv)
\FV@CodeLineNo=\count293
\FV@InFile=\read2
\FV@TabBox=\box54
\c@FancyVerbLine=\count294
\FV@StepNumber=\count295
\FV@OutFile=\write3
)
(/gnu/store/yr7dpv9mf7g9rdgyfkcx1zlyqq9wbcxi-texlivetexmf-20240312/share/texmf-
dist/tex/latex/upquote/upquote.sty
Package: upquote 2012/04/19 v1.3 upright-quote and grave-accent glyphs in verba
tim

(/gnu/store/yr7dpv9mf7g9rdgyfkcx1zlyqq9wbcxi-texlivetexmf-20240312/share/texmf-
dist/tex/latex/base/textcomp.sty
Package: textcomp 2020/02/02 v2.0n Standard LaTeX package
))
(/gnu/store/yr7dpv9mf7g9rdgyfkcx1zlyqq9wbcxi-texlivetexmf-20240312/share/texmf-
dist/tex/latex/lineno/lineno.sty
Package: lineno 2023/05/20 line numbers on paragraphs v5.3
\linenopenalty=\count296
\output=\toks25
\linenoprevgraf=\count297
\linenumbersep=\dimen174
\linenumberwidth=\dimen175
\c@linenumber=\count298
\c@pagewiselinenumber=\count299
\c@LN@truepage=\count300
\c@internallinenumber=\count301
\c@internallinenumbers=\count302
\quotelinenumbersep=\dimen176
\bframerule=\dimen177
\bframesep=\dimen178
\bframebox=\box55
\linenoamsmath@ams@eqpen=\count303
LaTeX Info: Redefining \\ on input line 3180.
)
\c@FancyVerbWriteLine=\count304
\c@FancyVerbBufferIndex=\count305
\c@FancyVerbBufferLength=\count306
\c@FancyVerbBufferLine=\count307
\c@FV@oldbufferlength=\count308
\c@FV@TrueTabGroupLevel=\count309
\c@FV@TrueTabCounter=\count310
\FV@TabBox@Group=\box56
\FV@TmpLength=\skip58
\c@FV@HighlightLinesStart=\count311
\c@FV@HighlightLinesStop=\count312
\FV@LoopCount=\count313
\FV@NCharsBox=\box57
\FV@BreakIndent=\dimen179
\FV@BreakIndentNChars=\count314
\FV@BreakSymbolSepLeft=\dimen180
\FV@BreakSymbolSepLeftNChars=\count315
\FV@BreakSymbolSepRight=\dimen181
\FV@BreakSymbolSepRightNChars=\count316
\FV@BreakSymbolIndentLeft=\dimen182
\FV@BreakSymbolIndentLeftNChars=\count317
\FV@BreakSymbolIndentRight=\dimen183
\FV@BreakSymbolIndentRightNChars=\count318
\c@FancyVerbLineBreakLast=\count319
\FV@LineBox=\box58
\FV@LineIndentBox=\box59
\c@FV@BreakBufferDepth=\count320
\FV@LineWidth=\dimen184
)
(/gnu/store/yr7dpv9mf7g9rdgyfkcx1zlyqq9wbcxi-texlivetexmf-20240312/share/texmf-
dist/tex/latex/base/ifthen.sty
Package: ifthen 2022/04/13 v1.1d Standard LaTeX ifthen package (DPC)
)
(/gnu/store/yr7dpv9mf7g9rdgyfkcx1zlyqq9wbcxi-texlivetexmf-20240312/share/texmf-
dist/tex/latex/tools/shellesc.sty
Package: shellesc 2023/07/08 v1.0d unified shell escape interface for LaTeX
Package shellesc Info: Unrestricted shell escape enabled on input line 75.
)
(/gnu/store/yr7dpv9mf7g9rdgyfkcx1zlyqq9wbcxi-texlivetexmf-20240312/share/texmf-
dist/tex/latex/ifplatform/ifplatform.sty
Package: ifplatform 2017/10/13 v0.4a Testing for the operating system

(/gnu/store/yr7dpv9mf7g9rdgyfkcx1zlyqq9wbcxi-texlivetexmf-20240312/share/texmf-
dist/tex/generic/catchfile/catchfile.sty
Package: catchfile 2019/12/09 v1.8 Catch the contents of a file (HO)

(/gnu/store/yr7dpv9mf7g9rdgyfkcx1zlyqq9wbcxi-texlivetexmf-20240312/share/texmf-
dist/tex/generic/etexcmds/etexcmds.sty
Package: etexcmds 2019/12/15 v1.7 Avoid name clashes with e-TeX commands (HO)
))
(/gnu/store/yr7dpv9mf7g9rdgyfkcx1zlyqq9wbcxi-texlivetexmf-20240312/share/texmf-
dist/tex/generic/iftex/ifluatex.sty
Package: ifluatex 2019/10/25 v1.5 ifluatex legacy package. Use iftex instead.
)
runsystem(uname -s > "latex-template.w18")...executed.

 (./latex-template.w18)
runsystem(rm -- "latex-template.w18")...executed.

)
(/gnu/store/yr7dpv9mf7g9rdgyfkcx1zlyqq9wbcxi-texlivetexmf-20240312/share/texmf-
dist/tex/generic/xstring/xstring.sty
(/gnu/store/yr7dpv9mf7g9rdgyfkcx1zlyqq9wbcxi-texlivetexmf-20240312/share/texmf-
dist/tex/generic/xstring/xstring.tex
\xs_counta=\count321
\xs_countb=\count322
)
Package: xstring 2023/08/22 v1.86 String manipulations (CT)
)
(/gnu/store/yr7dpv9mf7g9rdgyfkcx1zlyqq9wbcxi-texlivetexmf-20240312/share/texmf-
dist/tex/latex/framed/framed.sty
Package: framed 2011/10/22 v 0.96: framed or shaded text with page breaks
\OuterFrameSep=\skip59
\fb@frw=\dimen185
\fb@frh=\dimen186
\FrameRule=\dimen187
\FrameSep=\dimen188
)
(/gnu/store/yr7dpv9mf7g9rdgyfkcx1zlyqq9wbcxi-texlivetexmf-20240312/share/texmf-
dist/tex/latex/float/float.sty
Package: float 2001/11/08 v1.3d Float enhancements (AL)
\c@float@type=\count323
\float@exts=\toks26
\float@box=\box60
\@float@everytoks=\toks27
\@floatcapt=\box61
)
\minted@appexistsfile=\read3
\minted@bgbox=\box62
\minted@code=\write4
\c@minted@FancyVerbLineTemp=\count324
\c@minted@pygmentizecounter=\count325
\@float@every@listing=\toks28
\c@listing=\count326
)
runsystem(mkdir -p _minted-latex-template)...executed.


(/gnu/store/yr7dpv9mf7g9rdgyfkcx1zlyqq9wbcxi-texlivetexmf-20240312/share/texmf-
dist/tex/latex/xcolor/xcolor.sty
Package: xcolor 2023/11/15 v3.01 LaTeX color extensions (UK)

(/gnu/store/yr7dpv9mf7g9rdgyfkcx1zlyqq9wbcxi-texlivetexmf-20240312/share/texmf-
dist/tex/latex/graphics-cfg/color.cfg
File: color.cfg 2016/01/02 v1.6 sample color configuration
)
Package xcolor Info: Driver file: pdftex.def on input line 274.
LaTeX Info: Redefining \color on input line 758.

(/gnu/store/yr7dpv9mf7g9rdgyfkcx1zlyqq9wbcxi-texlivetexmf-20240312/share/texmf-
dist/tex/latex/graphics/mathcolor.ltx)
Package xcolor Info: Model `cmy' substituted by `cmy0' on input line 1350.
Package xcolor Info: Model `hsb' substituted by `rgb' on input line 1354.
Package xcolor Info: Model `RGB' extended on input line 1366.
Package xcolor Info: Model `HTML' substituted by `rgb' on input line 1368.
Package xcolor Info: Model `Hsb' substituted by `hsb' on input line 1369.
Package xcolor Info: Model `tHsb' substituted by `hsb' on input line 1370.
Package xcolor Info: Model `HSB' substituted by `hsb' on input line 1371.
Package xcolor Info: Model `Gray' substituted by `gray' on input line 1372.
Package xcolor Info: Model `wave' substituted by `hsb' on input line 1373.
)
(/gnu/store/yr7dpv9mf7g9rdgyfkcx1zlyqq9wbcxi-texlivetexmf-20240312/share/texmf-
dist/tex/latex/xcolor/svgnam.def
File: svgnam.def 2023/11/15 v3.01 Predefined colors according to SVG 1.1 (UK)
)
\c@problem=\count327
runsystem(command -v pygmentize && touch latex-template.aex)...executed.

runsystem(rm latex-template.aex)...executed.

LaTeX Font Info:    Trying to load font information for OT1+ppl on input line 5
6.

(/gnu/store/yr7dpv9mf7g9rdgyfkcx1zlyqq9wbcxi-texlivetexmf-20240312/share/texmf-
dist/tex/latex/psnfss/ot1ppl.fd
File: ot1ppl.fd 2001/06/04 font definitions for OT1/ppl.
)
(/gnu/store/yr7dpv9mf7g9rdgyfkcx1zlyqq9wbcxi-texlivetexmf-20240312/share/texmf-
dist/tex/latex/l3backend/l3backend-pdftex.def
File: l3backend-pdftex.def 2024-02-20 L3 backend support: PDF output (pdfTeX)
\l__color_backend_stack_int=\count328
\l__pdf_internal_box=\box63
)
No file latex-template.aux.
\openout1 = `latex-template.aux'.

LaTeX Font Info:    Checking defaults for OML/cmm/m/it on input line 56.
LaTeX Font Info:    ... okay on input line 56.
LaTeX Font Info:    Checking defaults for OMS/cmsy/m/n on input line 56.
LaTeX Font Info:    ... okay on input line 56.
LaTeX Font Info:    Checking defaults for OT1/cmr/m/n on input line 56.
LaTeX Font Info:    ... okay on input line 56.
LaTeX Font Info:    Checking defaults for T1/cmr/m/n on input line 56.
LaTeX Font Info:    ... okay on input line 56.
LaTeX Font Info:    Checking defaults for TS1/cmr/m/n on input line 56.
LaTeX Font Info:    ... okay on input line 56.
LaTeX Font Info:    Checking defaults for OMX/cmex/m/n on input line 56.
LaTeX Font Info:    ... okay on input line 56.
LaTeX Font Info:    Checking defaults for U/cmr/m/n on input line 56.
LaTeX Font Info:    ... okay on input line 56.
LaTeX Font Info:    Checking defaults for PD1/pdf/m/n on input line 56.
LaTeX Font Info:    ... okay on input line 56.
LaTeX Font Info:    Checking defaults for PU/pdf/m/n on input line 56.
LaTeX Font Info:    ... okay on input line 56.

(/gnu/store/yr7dpv9mf7g9rdgyfkcx1zlyqq9wbcxi-texlivetexmf-20240312/share/texmf-
dist/tex/context/base/mkii/supp-pdf.mkii
[Loading MPS to PDF converter (version 2006.09.02).]
\scratchcounter=\count329
\scratchdimen=\dimen189
\scratchbox=\box64
\nofMPsegments=\count330
\nofMParguments=\count331
\everyMPshowfont=\toks29
\MPscratchCnt=\count332
\MPscratchDim=\dimen190
\MPnumerator=\count333
\makeMPintoPDFobject=\count334
\everyMPtoPDFconversion=\toks30
)
(/gnu/store/yr7dpv9mf7g9rdgyfkcx1zlyqq9wbcxi-texlivetexmf-20240312/share/texmf-
dist/tex/latex/epstopdf-pkg/epstopdf-base.sty
Package: epstopdf-base 2020-01-24 v2.11 Base part for package epstopdf
Package epstopdf-base Info: Redefining graphics rule for `.eps' on input line 4
85.

(/gnu/store/yr7dpv9mf7g9rdgyfkcx1zlyqq9wbcxi-texlivetexmf-20240312/share/texmf-
dist/tex/latex/latexconfig/epstopdf-sys.cfg
File: epstopdf-sys.cfg 2010/07/13 v1.3 Configuration of (r)epstopdf for TeX Liv
e
))
Package hyperref Info: Link coloring OFF on input line 56.
 (./latex-template.out)
(./latex-template.out)
\@outlinefile=\write5
\openout5 = `latex-template.out'.


*geometry* driver: auto-detecting
*geometry* detected driver: pdftex
*geometry* verbose mode - [ preamble ] result:
* driver: pdftex
* paper: <default>
* layout: <same size as paper>
* layoutoffset:(h,v)=(0.0pt,0.0pt)
* modes: 
* h-part:(L,W,R)=(56.9055pt, 500.484pt, 56.9055pt)
* v-part:(T,H,B)=(56.9055pt, 681.15898pt, 56.9055pt)
* \paperwidth=614.295pt
* \paperheight=794.96999pt
* \textwidth=500.484pt
* \textheight=681.15898pt
* \oddsidemargin=-15.36449pt
* \evensidemargin=-15.36449pt
* \topmargin=-52.36449pt
* \headheight=12.0pt
* \headsep=25.0pt
* \topskip=10.0pt
* \footskip=30.0pt
* \marginparwidth=65.0pt
* \marginparsep=11.0pt
* \columnsep=10.0pt
* \skip\footins=9.0pt plus 4.0pt minus 2.0pt
* \hoffset=0.0pt
* \voffset=0.0pt
* \mag=1000
* \@twocolumnfalse
* \@twosidefalse
* \@mparswitchfalse
* \@reversemarginfalse
* (1in=72.27pt=25.4mm, 1cm=28.453pt)


Overfull \hbox (5.70767pt too wide) in paragraph at lines 58--58
 [][] [] [] 
 []

LaTeX Font Info:    Trying to load font information for OML+zplm on input line 
64.

(/gnu/store/yr7dpv9mf7g9rdgyfkcx1zlyqq9wbcxi-texlivetexmf-20240312/share/texmf-
dist/tex/latex/psnfss/omlzplm.fd
File: omlzplm.fd 2002/09/08 Fontinst v1.914 font definitions for OML/zplm.
)
LaTeX Font Info:    Trying to load font information for OMS+zplm on input line 
64.

(/gnu/store/yr7dpv9mf7g9rdgyfkcx1zlyqq9wbcxi-texlivetexmf-20240312/share/texmf-
dist/tex/latex/psnfss/omszplm.fd
File: omszplm.fd 2002/09/08 Fontinst v1.914 font definitions for OMS/zplm.
)
LaTeX Font Info:    Trying to load font information for OMX+zplm on input line 
64.

(/gnu/store/yr7dpv9mf7g9rdgyfkcx1zlyqq9wbcxi-texlivetexmf-20240312/share/texmf-
dist/tex/latex/psnfss/omxzplm.fd
File: omxzplm.fd 2002/09/08 Fontinst v1.914 font definitions for OMX/zplm.
)
LaTeX Font Info:    Trying to load font information for OT1+zplm on input line 
64.

(/gnu/store/yr7dpv9mf7g9rdgyfkcx1zlyqq9wbcxi-texlivetexmf-20240312/share/texmf-
dist/tex/latex/psnfss/ot1zplm.fd
File: ot1zplm.fd 2002/09/08 Fontinst v1.914 font definitions for OT1/zplm.
)
Overfull \hbox (1.90001pt too wide) in paragraph at lines 62--66
  []
 []


Overfull \hbox (1.90001pt too wide) in paragraph at lines 67--87
  []
 []

\openout3 = `latex-template.pyg'.

(./_minted-latex-template/tango.pygstyle)
(./_minted-latex-template/CF28C34B6B9572E98C392999D0F53D52852B5456C4A0677C953D6
4E2CDC6B4B6.pygtex
LaTeX Font Info:    Trying to load font information for OT1+pcr on input line 1
.

(/gnu/store/yr7dpv9mf7g9rdgyfkcx1zlyqq9wbcxi-texlivetexmf-20240312/share/texmf-
dist/tex/latex/psnfss/ot1pcr.fd
File: ot1pcr.fd 2001/06/04 font definitions for OT1/pcr.
))
Overfull \hbox (1.90001pt too wide) in paragraph at lines 88--108
  []
 []

[1

{/gnu/store/yr7dpv9mf7g9rdgyfkcx1zlyqq9wbcxi-texlivetexmf-20240312/share/texmf-
dist/fonts/map/pdftex/updmap/pdftex.map}{/gnu/store/yr7dpv9mf7g9rdgyfkcx1zlyqq9
wbcxi-texlivetexmf-20240312/share/texmf-dist/fonts/enc/dvips/base/8r.enc}]
(./latex-template.aux)
 ***********
LaTeX2e <2023-11-01> patch level 1
L3 programming layer <2024-02-20>
 ***********
Package rerunfilecheck Info: File `latex-template.out' has not changed.
(rerunfilecheck)             Checksum: D41D8CD98F00B204E9800998ECF8427E;0.
runsystem(rm latex-template.pyg)...executed.

 ) 
Here is how much of TeX's memory you used:
 14219 strings out of 474116
 252294 string characters out of 5719535
 1935187 words of memory out of 5000000
 36339 multiletter control sequences out of 15000+600000
 572747 words of font info for 75 fonts, out of 8000000 for 9000
 1141 hyphenation exceptions out of 8191
 77i,5n,81p,282b,642s stack positions out of 10000i,1000n,20000p,200000b,200000s
</gnu/store/yr7dpv9mf7g9rdgyfkcx1zlyqq9wbcxi-texlivetexmf-20240312/share/texm
f-dist/fonts/type1/public/amsfonts/cm/cmex10.pfb></gnu/store/yr7dpv9mf7g9rdgyfk
cx1zlyqq9wbcxi-texlivetexmf-20240312/share/texmf-dist/fonts/type1/public/amsfon
ts/cm/cmr10.pfb></gnu/store/yr7dpv9mf7g9rdgyfkcx1zlyqq9wbcxi-texlivetexmf-20240
312/share/texmf-dist/fonts/type1/public/amsfonts/cm/cmsy10.pfb></gnu/store/yr7d
pv9mf7g9rdgyfkcx1zlyqq9wbcxi-texlivetexmf-20240312/share/texmf-dist/fonts/type1
/public/mathpazo/fplmr.pfb></gnu/store/yr7dpv9mf7g9rdgyfkcx1zlyqq9wbcxi-texlive
texmf-20240312/share/texmf-dist/fonts/type1/public/mathpazo/fplmri.pfb></gnu/st
ore/yr7dpv9mf7g9rdgyfkcx1zlyqq9wbcxi-texlivetexmf-20240312/share/texmf-dist/fon
ts/type1/urw/courier/ucrb8a.pfb></gnu/store/yr7dpv9mf7g9rdgyfkcx1zlyqq9wbcxi-te
xlivetexmf-20240312/share/texmf-dist/fonts/type1/urw/courier/ucrr8a.pfb></gnu/s
tore/yr7dpv9mf7g9rdgyfkcx1zlyqq9wbcxi-texlivetexmf-20240312/share/texmf-dist/fo
nts/type1/urw/palatino/uplb8a.pfb></gnu/store/yr7dpv9mf7g9rdgyfkcx1zlyqq9wbcxi-
texlivetexmf-20240312/share/texmf-dist/fonts/type1/urw/palatino/uplr8a.pfb></gn
u/store/yr7dpv9mf7g9rdgyfkcx1zlyqq9wbcxi-texlivetexmf-20240312/share/texmf-dist
/fonts/type1/urw/palatino/uplri8a.pfb>
Output written on latex-template.pdf (1 page, 95290 bytes).
PDF statistics:
 72 PDF objects out of 1000 (max. 8388607)
 48 compressed objects within 1 object stream
 7 named destinations out of 1000 (max. 500000)
 1 words of extra memory for PDF output out of 10000 (max. 10000000)

